  BankSystem.cpp
D:\Red teaming\Programming\Projects\BankSystem\BankSystem\clsString.h(43,25): warning C4267: 'return': conversion from 'size_t' to 'short', possible loss of data
D:\Red teaming\Programming\Projects\BankSystem\BankSystem\clsString.h(48,29): warning C4267: 'return': conversion from 'size_t' to 'short', possible loss of data
D:\Red teaming\Programming\Projects\BankSystem\BankSystem\clsString.h(60,30): warning C4267: '=': conversion from 'size_t' to 'short', possible loss of data
D:\Red teaming\Programming\Projects\BankSystem\BankSystem\clsString.h(197,29): warning C4267: 'return': conversion from 'size_t' to 'short', possible loss of data
D:\Red teaming\Programming\Projects\BankSystem\BankSystem\clsString.h(328,30): warning C4267: '=': conversion from 'size_t' to 'short', possible loss of data
D:\Red teaming\Programming\Projects\BankSystem\BankSystem\clsString.h(376,22): warning C4267: 'initializing': conversion from 'size_t' to 'short', possible loss of data
D:\Red teaming\Programming\Projects\BankSystem\BankSystem\clsUtil.h(64,5): warning C4102: 'defualt': unreferenced label
D:\Red teaming\Programming\Projects\BankSystem\BankSystem\clsUser.h(198,12): warning C4240: nonstandard extension used: access to 'clsUser::stLoginRegisterRecord' now defined to be 'public', previously it was defined to be 'private'
D:\Red teaming\Programming\Projects\BankSystem\BankSystem\clsInputValidate.h(112,16): warning C4244: 'initializing': conversion from 'double' to 'float', possible loss of data
D:\Red teaming\Programming\Projects\BankSystem\BankSystem\clsInputValidate.h(116,26): warning C4244: '=': conversion from 'double' to 'float', possible loss of data
D:\Red teaming\Programming\Projects\BankSystem\BankSystem\clsBankClient.h(206,12): warning C4240: nonstandard extension used: access to 'clsBankClient::stTrnsferLogRecord' now defined to be 'public', previously it was defined to be 'private'
D:\Red teaming\Programming\Projects\BankSystem\BankSystem\clsBankClient.h(28,65): warning C4244: 'argument': conversion from 'double' to 'float', possible loss of data
D:\Red teaming\Programming\Projects\BankSystem\BankSystem\clsBankClient.h(162,39): warning C4244: '=': conversion from 'double' to 'float', possible loss of data
D:\Red teaming\Programming\Projects\BankSystem\BankSystem\clsBankClient.h(163,48): warning C4244: '=': conversion from 'double' to 'float', possible loss of data
D:\Red teaming\Programming\Projects\BankSystem\BankSystem\clsBankClient.h(164,49): warning C4244: '=': conversion from 'double' to 'float', possible loss of data
D:\Red teaming\Programming\Projects\BankSystem\BankSystem\clsBankClient.h(421,28): warning C4244: '+=': conversion from 'double' to 'float', possible loss of data
D:\Red teaming\Programming\Projects\BankSystem\BankSystem\clsBankClient.h(434,32): warning C4244: '-=': conversion from 'double' to 'float', possible loss of data
D:\Red teaming\Programming\Projects\BankSystem\BankSystem\clsAddNewClientScreen.h(30,66): warning C4244: 'argument': conversion from 'double' to 'float', possible loss of data
D:\Red teaming\Programming\Projects\BankSystem\BankSystem\clsUpdateClientScreen.h(47,66): warning C4244: 'argument': conversion from 'double' to 'float', possible loss of data
D:\Red teaming\Programming\Projects\BankSystem\BankSystem\clsTotalBalancesScreen.h(57,82): warning C4244: 'argument': conversion from 'double' to 'int', possible loss of data
D:\Red teaming\Programming\Projects\BankSystem\BankSystem\clsTransferScreen.h(42,51): warning C4244: '=': conversion from 'double' to 'float', possible loss of data
D:\Red teaming\Programming\Projects\BankSystem\BankSystem\clsTransferScreen.h(47,53): warning C4244: '=': conversion from 'double' to 'float', possible loss of data
D:\Red teaming\Programming\Projects\BankSystem\BankSystem\clsCurrency.h(27,17): warning C4244: 'argument': conversion from 'double' to 'float', possible loss of data
D:\Red teaming\Programming\Projects\BankSystem\BankSystem\clsUpdateCurrencyRateScreen.h(17,52): warning C4244: '=': conversion from 'double' to 'float', possible loss of data
D:\Red teaming\Programming\Projects\BankSystem\BankSystem\clsCurrencyCalculatorScreen.h(17,51): warning C4244: '=': conversion from 'double' to 'float', possible loss of data
D:\Red teaming\Programming\Projects\BankSystem\BankSystem\clsBankClient.h(376,1): warning C4715: 'clsBankClient::Save': not all control paths return a value
D:\Red teaming\Programming\Projects\BankSystem\BankSystem\clsBankClient.h(438,1): warning C4715: 'clsBankClient::Withdraw': not all control paths return a value
D:\Red teaming\Programming\Projects\BankSystem\BankSystem\clsUser.h(360,1): warning C4715: 'clsUser::Save': not all control paths return a value
  BankSystem.vcxproj -> D:\Red teaming\Programming\Projects\BankSystem\x64\Debug\BankSystem.exe
